<?xml version="1.0" encoding="UTF-8"?>
<!-- Generated by org.testng.reporters.JUnitXMLReporter -->
<testsuite hostname="mindc1d199" ignored="0" name="Test" tests="10" failures="1" timestamp="2022-05-20T11:58:09 IST" time="149.862" errors="0">
  <testcase name="test1_SignUp" time="6.105" classname="runner.TestRunner"/>
  <testcase name="test2_LogIn" time="5.18" classname="runner.TestRunner"/>
  <testcase name="test3_SofaBed" time="7.4" classname="runner.TestRunner"/>
  <testcase name="test4_StoreName" time="2.903" classname="runner.TestRunner"/>
  <testcase name="test5_EmiOption" time="3.409" classname="runner.TestRunner"/>
  <testcase name="test6_AddToWishList" time="13.71" classname="runner.TestRunner">
    <failure type="org.openqa.selenium.ElementClickInterceptedException" message="element click intercepted: Element &amp;lt;div id=&amp;quot;shortlist-badge&amp;quot;&amp;gt;...&amp;lt;/div&amp;gt; is not clickable at point (933, 13). Other element would receive the click: &amp;lt;div class=&amp;quot;center&amp;quot; style=&amp;quot;text-align: center; color: #000;&amp;quot;&amp;gt;...&amp;lt;/div&amp;gt;
  (Session info: chrome=101.0.4951.67)
Build info: version: &amp;apos;3.141.59&amp;apos;, revision: &amp;apos;e82be7d358&amp;apos;, time: &amp;apos;2018-11-14T08:17:03&amp;apos;
System info: host: &amp;apos;MINDC1D199&amp;apos;, ip: &amp;apos;172.16.84.141&amp;apos;, os.name: &amp;apos;Windows 10&amp;apos;, os.arch: &amp;apos;amd64&amp;apos;, os.version: &amp;apos;10.0&amp;apos;, java.version: &amp;apos;1.8.0_311&amp;apos;
Driver info: org.openqa.selenium.chrome.ChromeDriver
Capabilities {acceptInsecureCerts: false, browserName: chrome, browserVersion: 101.0.4951.67, chrome: {chromedriverVersion: 101.0.4951.41 (93c720db8323..., userDataDir: C:\WINDOWS\TEMP\scoped_dir1...}, goog:chromeOptions: {debuggerAddress: localhost:52978}, javascriptEnabled: true, networkConnectionEnabled: false, pageLoadStrategy: normal, platform: WINDOWS, platformName: WINDOWS, proxy: Proxy(), setWindowRect: true, strictFileInteractability: false, timeouts: {implicit: 0, pageLoad: 300000, script: 30000}, unhandledPromptBehavior: dismiss and notify, webauthn:extension:credBlob: true, webauthn:extension:largeBlob: true, webauthn:virtualAuthenticators: true}
Session ID: e18ded75518e86d0df518f03a6b9f109">
      <![CDATA[org.openqa.selenium.ElementClickInterceptedException: element click intercepted: Element <div id="shortlist-badge">...</div> is not clickable at point (933, 13). Other element would receive the click: <div class="center" style="text-align: center; color: #000;">...</div>
  (Session info: chrome=101.0.4951.67)
Build info: version: '3.141.59', revision: 'e82be7d358', time: '2018-11-14T08:17:03'
System info: host: 'MINDC1D199', ip: '172.16.84.141', os.name: 'Windows 10', os.arch: 'amd64', os.version: '10.0', java.version: '1.8.0_311'
Driver info: org.openqa.selenium.chrome.ChromeDriver
Capabilities {acceptInsecureCerts: false, browserName: chrome, browserVersion: 101.0.4951.67, chrome: {chromedriverVersion: 101.0.4951.41 (93c720db8323..., userDataDir: C:\WINDOWS\TEMP\scoped_dir1...}, goog:chromeOptions: {debuggerAddress: localhost:52978}, javascriptEnabled: true, networkConnectionEnabled: false, pageLoadStrategy: normal, platform: WINDOWS, platformName: WINDOWS, proxy: Proxy(), setWindowRect: true, strictFileInteractability: false, timeouts: {implicit: 0, pageLoad: 300000, script: 30000}, unhandledPromptBehavior: dismiss and notify, webauthn:extension:credBlob: true, webauthn:extension:largeBlob: true, webauthn:virtualAuthenticators: true}
Session ID: e18ded75518e86d0df518f03a6b9f109
at org.openqa.selenium.remote.http.W3CHttpResponseCodec.createException(W3CHttpResponseCodec.java:187)
at org.openqa.selenium.remote.http.W3CHttpResponseCodec.decode(W3CHttpResponseCodec.java:122)
at org.openqa.selenium.remote.http.W3CHttpResponseCodec.decode(W3CHttpResponseCodec.java:49)
at org.openqa.selenium.remote.HttpCommandExecutor.execute(HttpCommandExecutor.java:158)
at org.openqa.selenium.remote.service.DriverCommandExecutor.execute(DriverCommandExecutor.java:83)
at org.openqa.selenium.remote.RemoteWebDriver.execute(RemoteWebDriver.java:552)
at org.openqa.selenium.remote.RemoteWebElement.execute(RemoteWebElement.java:285)
at org.openqa.selenium.remote.RemoteWebElement.click(RemoteWebElement.java:84)
at resuable.WebDriverHelper.click(WebDriverHelper.java:14)
at pageObject.WishListPage.wishList(WishListPage.java:27)
at runner.TestRunner.test6_AddToWishList(TestRunner.java:136)
at java.util.ArrayList.forEach(ArrayList.java:1259)
... Removed 35 stack frames]]>
    </failure>
  </testcase> <!-- test6_AddToWishList -->
  <testcase name="test7_RemoveFromWishList" time="10.068" classname="runner.TestRunner"/>
  <testcase name="test8_AddToCart" time="14.254" classname="runner.TestRunner"/>
  <testcase name="testRemove9_FromCart" time="9.051" classname="runner.TestRunner"/>
  <testcase name="test10_ContactUs" time="1.399" classname="runner.TestRunner"/>
</testsuite> <!-- Test -->
